<?xml version="1.0" encoding="UTF-8"?>
<!-- Generated by org.testng.reporters.JUnitReportReporter -->
<testsuite hostname="DESKTOP-M7UI3Q0" failures="0" tests="3" name="disableTc_usingSUITE.P_1disabled2" time="0.019" errors="0" timestamp="2022-11-14T20:21:02 IST" skipped="0">
  <testcase classname="disableTc_usingSUITE.P_1disabled2" name="TC6" time="0.003"/>
  <system-out>
    <![CDATA[TC6 is running]]>
  </system-out>
  <testcase classname="disableTc_usingSUITE.P_1disabled2" name="TC5" time="0.002"/>
  <system-out>
    <![CDATA[TC5 is running]]>
  </system-out>
  <testcase classname="disableTc_usingSUITE.P_1disabled2" name="TC4" time="0.014"/>
  <system-out>
    <![CDATA[TC4 is running]]>
  </system-out>
</testsuite> <!-- disableTc_usingSUITE.P_1disabled2 -->
