<?xml version="1.0" encoding="UTF-8"?>
<!-- Generated by org.testng.reporters.JUnitReportReporter -->
<testsuite hostname="DESKTOP-M7UI3Q0" failures="0" tests="3" name="batchExe.P_1Execution2" time="0.007" errors="0" timestamp="2022-11-14T19:54:55 IST" skipped="0">
  <testcase classname="batchExe.P_1Execution2" name="TC6" time="0.003"/>
  <system-out>
    <![CDATA[TC6 is running]]>
  </system-out>
  <testcase classname="batchExe.P_1Execution2" name="TC5" time="0.002"/>
  <system-out>
    <![CDATA[TC5 is running]]>
  </system-out>
  <testcase classname="batchExe.P_1Execution2" name="TC4" time="0.002"/>
  <system-out>
    <![CDATA[TC4 is running]]>
  </system-out>
</testsuite> <!-- batchExe.P_1Execution2 -->
