<?xml version="1.0" encoding="UTF-8"?>
<!-- Generated by org.testng.reporters.JUnitReportReporter -->
<testsuite hostname="DESKTOP-M7UI3Q0" failures="0" tests="3" name="batchExe.P_1Execution1" time="0.027" errors="0" timestamp="2022-11-14T19:54:55 IST" skipped="0">
  <testcase classname="batchExe.P_1Execution1" name="TC1" time="0.017"/>
  <system-out>
    <![CDATA[TC1 is running]]>
  </system-out>
  <testcase classname="batchExe.P_1Execution1" name="TC2" time="0.002"/>
  <system-out>
    <![CDATA[TC2 is running]]>
  </system-out>
  <testcase classname="batchExe.P_1Execution1" name="TC3" time="0.008"/>
  <system-out>
    <![CDATA[TC3 is running]]>
  </system-out>
</testsuite> <!-- batchExe.P_1Execution1 -->
