<?xml version="1.0" encoding="UTF-8"?>
<!-- Generated by org.testng.reporters.JUnitReportReporter -->
<testsuite hostname="DESKTOP-M7UI3Q0" failures="0" tests="1" name="flags.P_4timesout" time="0.019" errors="0" timestamp="2022-11-14T19:38:55 IST" skipped="0">
  <testcase classname="flags.P_4timesout" name="TC1" time="0.019"/>
  <system-out>
    <![CDATA[running TC1]]>
  </system-out>
</testsuite> <!-- flags.P_4timesout -->
