<?xml version="1.0" encoding="UTF-8"?>
<!-- Generated by org.testng.reporters.JUnitReportReporter -->
<testsuite hostname="DESKTOP-M7UI3Q0" failures="0" tests="1" name="disableTc_usingSUITE.P_1disabled3" time="0.003" errors="0" timestamp="2022-11-14T20:21:02 IST" skipped="0">
  <testcase classname="disableTc_usingSUITE.P_1disabled3" name="TC7" time="0.003"/>
  <system-out>
    <![CDATA[TC7 is running]]>
  </system-out>
</testsuite> <!-- disableTc_usingSUITE.P_1disabled3 -->
