<?xml version="1.0" encoding="UTF-8"?>
<!-- Generated by org.testng.reporters.JUnitReportReporter -->
<testsuite hostname="DESKTOP-M7UI3Q0" failures="0" tests="5" name="flags.P_1innvocation" time="0.024" errors="0" timestamp="2022-11-12T00:59:06 IST" skipped="0">
  <testcase classname="flags.P_1innvocation" name="TC1" time="0.001"/>
  <system-out>
    <![CDATA[TC1 is running]]>
  </system-out>
  <testcase classname="flags.P_1innvocation" name="TC1" time="0.003"/>
  <system-out>
    <![CDATA[TC1 is running]]>
  </system-out>
  <testcase classname="flags.P_1innvocation" name="TC1" time="0.003"/>
  <system-out>
    <![CDATA[TC1 is running]]>
  </system-out>
  <testcase classname="flags.P_1innvocation" name="TC1" time="0.014"/>
  <system-out>
    <![CDATA[TC1 is running]]>
  </system-out>
  <testcase classname="flags.P_1innvocation" name="TC1" time="0.003"/>
  <system-out>
    <![CDATA[TC1 is running]]>
  </system-out>
</testsuite> <!-- flags.P_1innvocation -->
