<?xml version="1.0" encoding="UTF-8"?>
<!-- Generated by org.testng.reporters.JUnitReportReporter -->
<testsuite hostname="DESKTOP-M7UI3Q0" failures="0" tests="1" name="Basic.P_1" time="0.014" errors="0" timestamp="2022-11-11T19:29:06 IST" skipped="0">
  <testcase classname="Basic.P_1" name="m1" time="0.014"/>
  <system-out>
    <![CDATA[Hi]]>
  </system-out>
</testsuite> <!-- Basic.P_1 -->
