<?xml version="1.0" encoding="UTF-8"?>
<!-- Generated by org.testng.reporters.JUnitReportReporter -->
<testsuite hostname="DESKTOP-M7UI3Q0" failures="0" tests="5" name="flags.P_3Enabled" time="0.027" errors="0" timestamp="2022-11-12T01:17:39 IST" skipped="1">
  <testcase classname="flags.P_3Enabled" name="TC3" time="0.002"/>
  <system-out>
    <![CDATA[TC3 is running]]>
  </system-out>
  <testcase classname="flags.P_3Enabled" name="TC4" time="0.008"/>
  <system-out>
    <![CDATA[TC4 is running]]>
  </system-out>
  <testcase classname="flags.P_3Enabled" name="TC5" time="0.003"/>
  <system-out>
    <![CDATA[TC5 is running]]>
  </system-out>
  <testcase classname="flags.P_3Enabled" name="TC1" time="0.014"/>
  <system-out>
    <![CDATA[TC1 is running]]>
  </system-out>
  <testcase classname="flags.P_3Enabled" name="TC2">
    <skipped/>
  </testcase> <!-- TC2 -->
  <system-out/>
</testsuite> <!-- flags.P_3Enabled -->
