<?xml version="1.0" encoding="UTF-8"?>
<!-- Generated by org.testng.reporters.JUnitReportReporter -->
<testsuite hostname="DESKTOP-M7UI3Q0" failures="0" tests="1" name="assertions.P_2Notequal" time="0.015" errors="0" timestamp="2022-11-14T23:29:00 IST" skipped="0">
  <testcase classname="assertions.P_2Notequal" name="TC1" time="0.015"/>
  <system-out/>
</testsuite> <!-- assertions.P_2Notequal -->
