<?xml version="1.0" encoding="UTF-8"?>
<!-- Generated by org.testng.reporters.JUnitReportReporter -->
<testsuite hostname="DESKTOP-M7UI3Q0" failures="0" tests="3" name="flags.P_2Priority" time="0.021" errors="0" timestamp="2022-11-12T01:07:11 IST" skipped="0">
  <testcase classname="flags.P_2Priority" name="TC2" time="0.015"/>
  <system-out>
    <![CDATA[TC2 is running]]>
  </system-out>
  <testcase classname="flags.P_2Priority" name="TC1" time="0.003"/>
  <system-out>
    <![CDATA[TC1 is Running]]>
  </system-out>
  <testcase classname="flags.P_2Priority" name="TC3" time="0.003"/>
  <system-out>
    <![CDATA[TC3 is Running]]>
  </system-out>
</testsuite> <!-- flags.P_2Priority -->
