<?xml version="1.0" encoding="UTF-8"?>
<!-- Generated by org.testng.reporters.JUnitReportReporter -->
<testsuite hostname="DESKTOP-M7UI3Q0" failures="0" tests="3" name="batchExe.P_1Execution3" time="0.007" errors="0" timestamp="2022-11-14T19:54:55 IST" skipped="0">
  <testcase classname="batchExe.P_1Execution3" name="TC9" time="0.002"/>
  <system-out>
    <![CDATA[TC9 is running]]>
  </system-out>
  <testcase classname="batchExe.P_1Execution3" name="TC7" time="0.002"/>
  <system-out>
    <![CDATA[TC7 is running]]>
  </system-out>
  <testcase classname="batchExe.P_1Execution3" name="TC8" time="0.003"/>
  <system-out>
    <![CDATA[TC8 is running]]>
  </system-out>
</testsuite> <!-- batchExe.P_1Execution3 -->
