<?xml version="1.0" encoding="UTF-8"?>
<!-- Generated by org.testng.reporters.JUnitReportReporter -->
<testsuite hostname="DESKTOP-M7UI3Q0" failures="0" tests="1" name="assertions.P_1equal" time="49.099" errors="0" timestamp="2022-11-14T23:23:51 IST" skipped="0">
  <testcase classname="assertions.P_1equal" name="TC1" time="49.099"/>
  <system-out/>
</testsuite> <!-- assertions.P_1equal -->
