<?xml version="1.0" encoding="UTF-8"?>
<!-- Generated by org.testng.reporters.JUnitReportReporter -->
<testsuite hostname="DESKTOP-M7UI3Q0" failures="0" tests="1" name="Basic.P_3Annotation" time="0.007" errors="0" timestamp="2022-11-12T00:53:04 IST" skipped="0">
  <testcase classname="Basic.P_3Annotation" name="verifyID" time="0.007"/>
  <system-out>
    <![CDATA[TC1 is running]]>
  </system-out>
</testsuite> <!-- Basic.P_3Annotation -->
