<?xml version="1.0" encoding="UTF-8"?>
<!-- Generated by org.testng.reporters.JUnitReportReporter -->
<testsuite hostname="DESKTOP-M7UI3Q0" failures="0" tests="1" name="assertions.P_3True" time="0.016" errors="0" timestamp="2022-11-14T23:33:20 IST" skipped="0">
  <testcase classname="assertions.P_3True" name="TC1" time="0.016"/>
  <system-out>
    <![CDATA[TC1 is running]]>
  </system-out>
</testsuite> <!-- assertions.P_3True -->
