<?xml version="1.0" encoding="UTF-8"?>
<!-- Generated by org.testng.reporters.JUnitReportReporter -->
<testsuite hostname="DESKTOP-M7UI3Q0" failures="0" tests="1" name="parallel.P_1Parallel2" time="56.426" errors="0" timestamp="2022-11-14T22:51:07 IST" skipped="0">
  <testcase classname="parallel.P_1Parallel2" name="TC2" time="56.426"/>
  <system-out/>
</testsuite> <!-- parallel.P_1Parallel2 -->
