<?xml version="1.0" encoding="UTF-8"?>
<!-- Generated by org.testng.reporters.JUnitReportReporter -->
<testsuite hostname="DESKTOP-M7UI3Q0" failures="0" tests="2" name="Basic.P_2Emailable_Report" time="0.017" errors="0" timestamp="2022-11-11T19:24:26 IST" skipped="0">
  <testcase classname="Basic.P_2Emailable_Report" name="TC2" time="0.003"/>
  <system-out>
    <![CDATA[TC2 is running]]>
  </system-out>
  <testcase classname="Basic.P_2Emailable_Report" name="TC1" time="0.014"/>
  <system-out>
    <![CDATA[TC1 is Running]]>
  </system-out>
</testsuite> <!-- Basic.P_2Emailable_Report -->
